<?xml version="1.0" encoding="UTF-8"?>
<!-- Generated by org.testng.reporters.JUnitReportReporter -->
<testsuite hostname="sanjay1670-01" name="apitesting.apitesting.GenricResponeSpecification" tests="1" failures="0" timestamp="7 Apr 2021 18:50:34 GMT" time="2.886" errors="0">
  <testcase name="BookingRequest" time="2.886" classname="apitesting.apitesting.GenricResponeSpecification"/>
</testsuite> <!-- apitesting.apitesting.GenricResponeSpecification -->
